<?xml version="1.0" encoding="UTF-8"?>
<!-- Generated by org.testng.reporters.JUnitReportReporter -->
<testsuite hostname="karthic" failures="0" tests="2" name="sample.Package2.SampleClassTwo" time="0.002" errors="0" timestamp="2024-05-21T17:12:24 IST" skipped="0">
  <testcase classname="sample.Package2.SampleClassTwo" name="methodTwo" time="0.001"/>
  <system-out/>
  <testcase classname="sample.Package2.SampleClassTwo" name="methodOne" time="0.001"/>
  <system-out/>
</testsuite> <!-- sample.Package2.SampleClassTwo -->
